INFO 2011-05-17 13:31:12 - =======================================================
INFO 2011-05-17 13:31:12 - Machine Name:FQ-201010071840
INFO 2011-05-17 13:31:12 - Date Of Execution:2011-5-17 13:31:12
INFO 2011-05-25 19:50:20 - =======================================================
INFO 2011-05-25 19:50:20 - Machine Name:FQ-201010071840
INFO 2011-05-25 19:50:20 - Date Of Execution:2011-5-25 19:50:20
INFO 2011-05-25 19:50:35 - =======================================================
INFO 2011-05-25 19:50:35 - Machine Name:FQ-201010071840
INFO 2011-05-25 19:50:35 - Date Of Execution:2011-5-25 19:50:35
INFO 2011-05-25 20:53:45 - =======================================================
INFO 2011-05-25 20:53:45 - Machine Name:FQ-201010071840
INFO 2011-05-25 20:53:45 - Date Of Execution:2011-5-25 20:53:45
INFO 2011-05-25 20:53:57 - =======================================================
INFO 2011-05-25 20:53:57 - Machine Name:FQ-201010071840
INFO 2011-05-25 20:53:57 - Date Of Execution:2011-5-25 20:53:57
INFO 2011-12-25 15:33:01 - =======================================================
INFO 2011-12-25 15:33:01 - Machine Name:WWW-63B99CD9669
INFO 2011-12-25 15:33:01 - Date Of Execution:2011-12-25 15:33:01
INFO 2019-08-27 12:30:10 - =======================================================
INFO 2019-08-27 12:30:10 - Machine Name:PREOATOR
INFO 2019-08-27 12:30:10 - Date Of Execution:2019/8/27 12:30:10
INFO 2019-08-27 12:30:52 - =======================================================
INFO 2019-08-27 12:30:52 - Machine Name:PREOATOR
INFO 2019-08-27 12:30:52 - Date Of Execution:2019/8/27 12:30:52
INFO 2019-08-27 13:01:14 - =======================================================
INFO 2019-08-27 13:01:14 - Machine Name:PREOATOR
INFO 2019-08-27 13:01:14 - Date Of Execution:2019/8/27 13:01:14
INFO 2019-08-27 13:01:22 - =======================================================
INFO 2019-08-27 13:01:22 - Machine Name:PREOATOR
INFO 2019-08-27 13:01:22 - Date Of Execution:2019/8/27 13:01:22
INFO 2019-08-27 13:01:43 - =======================================================
INFO 2019-08-27 13:01:43 - Machine Name:PREOATOR
INFO 2019-08-27 13:01:43 - Date Of Execution:2019/8/27 13:01:43
INFO 2019-08-27 13:01:59 - =======================================================
INFO 2019-08-27 13:01:59 - Machine Name:PREOATOR
INFO 2019-08-27 13:01:59 - Date Of Execution:2019/8/27 13:01:59
INFO 2019-08-27 13:02:10 - =======================================================
INFO 2019-08-27 13:02:10 - Machine Name:PREOATOR
INFO 2019-08-27 13:02:10 - Date Of Execution:2019/8/27 13:02:10
